<?xml version="1.0" encoding="UTF-8"?>
<!-- Generated by org.testng.reporters.JUnitXMLReporter -->
<testsuite ignored="7" hostname="DESKTOP-VQ5TAFB" failures="1" tests="37" name="Probar la cuenta de ocurrencias" time="0.332" errors="0" timestamp="2021-10-21T17:38:37 ART">
  <testcase classname="tudai.testng.test.ProgramaTest" name="getCantOcurrencias" time="0.006"/>
  <testcase classname="tudai.testng.test.ProgramaTest" name="testUsr" time="0.002"/>
  <testcase classname="tudai.testng.test.ProgramaTest" name="testUsr" time="0.002"/>
  <testcase classname="tudai.testng.test.ProgramaTest" name="testUsr" time="0.002"/>
  <testcase classname="tudai.testng.test.ProgramaTest" name="testUsr" time="0.001"/>
  <testcase classname="tudai.testng.test.ProgramaTest" name="testUsr" time="0.002"/>
  <testcase classname="tudai.testng.test.ProgramaTest" name="testUsr" time="0.002"/>
  <testcase classname="tudai.testng.test.ProgramaTest" name="testUsr" time="0.001"/>
  <testcase classname="tudai.testng.test.ProgramaTest" name="testUsr" time="0.002"/>
  <testcase classname="tudai.testng.test.ProgramaTest" name="testUsr" time="0.003"/>
  <testcase classname="tudai.testng.test.ProgramaTest" name="testUsr" time="0.002"/>
  <testcase classname="tudai.testng.test.ProgramaTest" name="testUsr" time="0.001"/>
  <testcase classname="tudai.testng.test.ProgramaTest" name="testUsr" time="0.005"/>
  <testcase classname="tudai.testng.test.ProgramaTest" name="testUsr" time="0.002"/>
  <testcase classname="tudai.testng.test.ProgramaTest" name="testUsr" time="0.002"/>
  <testcase classname="tudai.testng.test.ProgramaTest" name="testUsr" time="0.001"/>
  <testcase classname="tudai.testng.test.ProgramaTest" name="testUsr" time="0.003"/>
  <testcase classname="tudai.testng.test.ProgramaTest" name="testUsr" time="0.004"/>
  <testcase classname="tudai.testng.test.ProgramaTest" name="testUsr" time="0.003"/>
  <testcase classname="tudai.testng.test.ProgramaTest" name="testUsr" time="0.002"/>
  <testcase classname="tudai.testng.test.ProgramaTest" name="testUsr" time="0.001"/>
  <testcase classname="tudai.testng.test.ProgramaTest" name="testUsr" time="0.002"/>
  <testcase classname="tudai.testng.test.ProgramaTest" name="testUsr" time="0.001"/>
  <testcase classname="tudai.testng.test.ProgramaTest" name="testUsr" time="0.001"/>
  <testcase classname="tudai.testng.test.ProgramaTest" name="testUsr" time="0.002"/>
  <testcase classname="tudai.testng.test.ProgramaTest" name="testUsr" time="0.002"/>
  <testcase classname="tudai.testng.test.ProgramaTest" name="testUsr" time="0.002"/>
  <testcase classname="tudai.testng.test.ProgramaTest" name="testUsr" time="0.001"/>
  <testcase classname="tudai.testng.test.ProgramaTest" name="testUsr" time="0.002"/>
  <testcase classname="tudai.testng.test.ProgramaTest" name="testUsr" time="0.002"/>
  <testcase classname="tudai.testng.test.ProgramaTest" name="testUsr" time="0.003"/>
  <testcase classname="tudai.testng.test.ProgramaTest" name="testUsr" time="0.001"/>
  <testcase classname="tudai.testng.test.ProgramaTest" name="testUsr" time="0.001"/>
  <testcase classname="tudai.testng.test.ProgramaTest" name="testUsr" time="0.001"/>
  <testcase classname="tudai.testng.test.ProgramaTest" name="testUsr" time="0.002"/>
  <testcase classname="tudai.testng.test.ProgramaTest" name="testUsr" time="0.001"/>
  <testcase classname="tudai.testng.test.ProgramaTest" name="addMuchasProgramaciones" time="0.0">
    <failure type="org.testng.TestNGException" message="
Parameter &amp;apos;prog-count&amp;apos; is required by @Test on method addMuchasProgramaciones but has not been marked @Optional or defined
in C:\Users\LAOSR\eclipse-workspace\TestNG\src\tudai\testng\xmlTests\newFile.xml">
      <![CDATA[org.testng.TestNGException: 
Parameter 'prog-count' is required by @Test on method addMuchasProgramaciones but has not been marked @Optional or defined
in C:\Users\LAOSR\eclipse-workspace\TestNG\src\tudai\testng\xmlTests\newFile.xml
at java.base/java.util.ArrayList.forEach(ArrayList.java:1511)
... Removed 26 stack frames]]>
    </failure>
  </testcase> <!-- addMuchasProgramaciones -->
  <testcase classname="tudai.testng.test.ProgramaTest" name="fTestProvider" time="0.0">
    <ignored/>
  </testcase> <!-- fTestProvider -->
  <testcase classname="tudai.testng.test.ProgramaTest" name="removeProgramacion" time="0.0">
    <ignored/>
  </testcase> <!-- removeProgramacion -->
  <testcase classname="tudai.testng.test.ProgramaTest" name="getCantTareasEntre" time="0.0">
    <ignored/>
  </testcase> <!-- getCantTareasEntre -->
  <testcase classname="tudai.testng.test.ProgramaTest" name="programaVacio" time="0.0">
    <ignored/>
  </testcase> <!-- programaVacio -->
  <testcase classname="tudai.testng.test.ProgramaTest" name="addProgramacion" time="0.0">
    <ignored/>
  </testcase> <!-- addProgramacion -->
  <testcase classname="tudai.testng.test.ProgramaTest" name="eliminarProgramaciones" time="0.0">
    <ignored/>
  </testcase> <!-- eliminarProgramaciones -->
  <testcase classname="tudai.testng.test.ProgramaTest" name="getCantProgramaciones" time="0.0">
    <ignored/>
  </testcase> <!-- getCantProgramaciones -->
</testsuite> <!-- Probar la cuenta de ocurrencias -->
